<?xml version="1.0" encoding="UTF-8"?>
<testsuite name="com.hunseong.calendar.core.DomainCreateTest" tests="1" skipped="0" failures="0" errors="0" timestamp="2022-06-09T06:14:17" hostname="baghunseong-ui-MacBook-Pro.local" time="0.057">
  <properties/>
  <testcase name="eventCreate()" classname="com.hunseong.calendar.core.DomainCreateTest" time="0.057"/>
  <system-out><![CDATA[]]></system-out>
  <system-err><![CDATA[]]></system-err>
</testsuite>
