<?xml version="1.0" encoding="UTF-8"?>
<testsuite name="com.hunseong.calendar.core.util.BCryptEncryptorTest" tests="1" skipped="0" failures="0" errors="0" timestamp="2022-06-09T09:41:16" hostname="baghunseong-ui-MacBook-Pro.local" time="0.345">
  <properties/>
  <testcase name="test()" classname="com.hunseong.calendar.core.util.BCryptEncryptorTest" time="0.345"/>
  <system-out><![CDATA[]]></system-out>
  <system-err><![CDATA[]]></system-err>
</testsuite>
